<?xml version="1.0" encoding="UTF-8"?>
<!-- Generated by org.testng.reporters.JUnitXMLReporter -->
<testsuite hostname="PratikS" ignored="4" name="Default test" tests="1" failures="0" timestamp="31 May 2017 13:16:54 GMT" time="15.697" errors="0">
  <testcase name="updateEventsVerifyImgTitleHomePage" time="0.276" classname="com.test.automation.uiAutomation.homepage.TC_005Homepage"/>
  <testcase name="updateEventsLatestContent" time="0.0" classname="com.test.automation.uiAutomation.homepage.TC_005Homepage">
    <ignored/>
  </testcase> <!-- updateEventsLatestContent -->
  <testcase name="getYourCopy" time="0.0" classname="com.test.automation.uiAutomation.homepage.TC_005Homepage">
    <ignored/>
  </testcase> <!-- getYourCopy -->
  <testcase name="updateEventsVerifyImgTitleListing" time="0.0" classname="com.test.automation.uiAutomation.homepage.TC_005Homepage">
    <ignored/>
  </testcase> <!-- updateEventsVerifyImgTitleListing -->
  <testcase name="updateEventDetailPageDirect" time="0.0" classname="com.test.automation.uiAutomation.homepage.TC_005Homepage">
    <ignored/>
  </testcase> <!-- updateEventDetailPageDirect -->
</testsuite> <!-- Default test -->
