<?xml version="1.0" encoding="UTF-8"?>
<testng-results skipped="0" failed="0" total="0" passed="0">
  <reporter-output>
  </reporter-output>
  <suite name="com.test.automation.uiAutomation.AppTest" duration-ms="6" started-at="2017-05-04T12:59:41Z" finished-at="2017-05-04T12:59:41Z">
    <groups>
    </groups>
    <test name="Command line test" duration-ms="6" started-at="2017-05-04T12:59:41Z" finished-at="2017-05-04T12:59:41Z">
    </test> <!-- Command line test -->
  </suite> <!-- com.test.automation.uiAutomation.AppTest -->
</testng-results>
