<?xml version="1.0" encoding="UTF-8"?>
<testng-results skipped="0" failed="0" ignored="0" total="1" passed="1">
  <reporter-output>
  </reporter-output>
  <suite name="Default suite" duration-ms="19821" started-at="2017-05-05T12:51:58Z" finished-at="2017-05-05T12:52:17Z">
    <groups>
    </groups>
    <test name="Default test" duration-ms="19821" started-at="2017-05-05T12:51:58Z" finished-at="2017-05-05T12:52:17Z">
      <class name="com.test.automation.uiAutomation.homepage.TC_001VerifyLoginWithInvalidCredentials">
        <test-method status="PASS" signature="setup()[pri:0, instance:com.test.automation.uiAutomation.homepage.TC_001VerifyLoginWithInvalidCredentials@6f7fd0e6]" name="setup" is-config="true" duration-ms="13003" started-at="2017-05-05T18:21:58Z" finished-at="2017-05-05T18:22:11Z">
          <reporter-output>
          </reporter-output>
        </test-method> <!-- setup -->
        <test-method status="PASS" signature="invalidLoginCredentials()[pri:0, instance:com.test.automation.uiAutomation.homepage.TC_001VerifyLoginWithInvalidCredentials@6f7fd0e6]" name="invalidLoginCredentials" duration-ms="6576" started-at="2017-05-05T18:22:11Z" finished-at="2017-05-05T18:22:17Z">
          <reporter-output>
          </reporter-output>
        </test-method> <!-- invalidLoginCredentials -->
        <test-method status="PASS" signature="endTest()[pri:0, instance:com.test.automation.uiAutomation.homepage.TC_001VerifyLoginWithInvalidCredentials@6f7fd0e6]" name="endTest" is-config="true" duration-ms="202" started-at="2017-05-05T18:22:17Z" finished-at="2017-05-05T18:22:17Z">
          <reporter-output>
          </reporter-output>
        </test-method> <!-- endTest -->
      </class> <!-- com.test.automation.uiAutomation.homepage.TC_001VerifyLoginWithInvalidCredentials -->
    </test> <!-- Default test -->
  </suite> <!-- Default suite -->
</testng-results>
